<<<<<<< HEAD
[smtp] Øî¥ÆåÄéðøû: host=smtp.163.com user=lianzhiweb@163.com
[01/Jul/2026 20:49:05] "GET /recruit.html HTTP/1.1" 200 -
[01/Jul/2026 20:49:06] "GET /theme.css HTTP/1.1" 200 -
[01/Jul/2026 20:49:06] "GET /zhaomu.jpg HTTP/1.1" 200 -
[01/Jul/2026 20:49:06] "GET /account.js HTTP/1.1" 200 -
[01/Jul/2026 20:50:00] "GET /recruit.html HTTP/1.1" 200 -
[01/Jul/2026 20:50:01] "GET /theme.css HTTP/1.1" 200 -
[01/Jul/2026 20:50:01] "GET /zhaomu.jpg HTTP/1.1" 200 -
[01/Jul/2026 20:50:01] "GET /account.js HTTP/1.1" 200 -
[01/Jul/2026 20:50:33] "GET /recruit.html HTTP/1.1" 200 -
[01/Jul/2026 20:50:33] "GET /theme.css HTTP/1.1" 200 -
[01/Jul/2026 20:50:33] "GET /zhaomu.jpg HTTP/1.1" 200 -
[01/Jul/2026 20:50:33] "GET /account.js HTTP/1.1" 200 -
[01/Jul/2026 20:50:50] "GET /recruit.html HTTP/1.1" 200 -
[01/Jul/2026 20:50:50] "GET /theme.css HTTP/1.1" 200 -
[01/Jul/2026 20:50:50] "GET /zhaomu.jpg HTTP/1.1" 200 -
[01/Jul/2026 20:50:50] "GET /account.js HTTP/1.1" 200 -
[01/Jul/2026 20:51:17] "GET /recruit.html HTTP/1.1" 200 -
[01/Jul/2026 20:51:17] "GET /account.js HTTP/1.1" 200 -
[01/Jul/2026 20:51:17] "GET /zhaomu.jpg HTTP/1.1" 200 -
[01/Jul/2026 20:51:17] "GET /theme.css HTTP/1.1" 200 -
[01/Jul/2026 20:51:17] "GET /jjc.png HTTP/1.1" 200 -
[01/Jul/2026 20:52:49] "GET /recruit.html HTTP/1.1" 200 -
[01/Jul/2026 20:52:49] "GET /theme.css HTTP/1.1" 200 -
[01/Jul/2026 20:52:49] "GET /zhaomu.jpg HTTP/1.1" 200 -
[01/Jul/2026 20:52:49] "GET /account.js HTTP/1.1" 200 -
[01/Jul/2026 20:52:49] "GET /jjc.png HTTP/1.1" 200 -
[01/Jul/2026 20:53:37] "GET /recruit.html HTTP/1.1" 200 -
[01/Jul/2026 20:53:37] "GET /theme.css HTTP/1.1" 200 -
[01/Jul/2026 20:53:37] "GET /zhaomu.jpg HTTP/1.1" 200 -
[01/Jul/2026 20:53:37] "GET /account.js HTTP/1.1" 200 -
[01/Jul/2026 20:53:37] "GET /jjc.png HTTP/1.1" 200 -
[01/Jul/2026 20:54:30] "GET /recruit.html HTTP/1.1" 200 -
[01/Jul/2026 20:54:31] "GET /account.js HTTP/1.1" 200 -
[01/Jul/2026 20:54:31] "GET /zhaomu.jpg HTTP/1.1" 200 -
[01/Jul/2026 20:54:31] "GET /theme.css HTTP/1.1" 200 -
[01/Jul/2026 20:54:31] "GET /jjc.png HTTP/1.1" 200 -
[01/Jul/2026 20:55:10] "GET /recruit.html HTTP/1.1" 200 -
[01/Jul/2026 20:55:10] "GET /theme.css HTTP/1.1" 200 -
[01/Jul/2026 20:55:10] "GET /zhaomu.jpg HTTP/1.1" 200 -
[01/Jul/2026 20:55:10] "GET /account.js HTTP/1.1" 200 -
[01/Jul/2026 20:55:10] "GET /jjc.png HTTP/1.1" 200 -
[01/Jul/2026 20:55:33] "GET /recruit.html HTTP/1.1" 200 -
[01/Jul/2026 20:55:33] "GET /zhaomu.jpg HTTP/1.1" 200 -
[01/Jul/2026 20:55:33] "GET /theme.css HTTP/1.1" 200 -
[01/Jul/2026 20:55:33] "GET /account.js HTTP/1.1" 200 -
[01/Jul/2026 20:55:33] "GET /jjc.png HTTP/1.1" 200 -
[01/Jul/2026 20:55:47] "GET /recruit.html HTTP/1.1" 200 -
[01/Jul/2026 20:55:47] "GET /theme.css HTTP/1.1" 200 -
[01/Jul/2026 20:55:47] "GET /zhaomu.jpg HTTP/1.1" 200 -
[01/Jul/2026 20:55:47] "GET /account.js HTTP/1.1" 200 -
[01/Jul/2026 20:55:47] "GET /jjc.png HTTP/1.1" 200 -
[01/Jul/2026 20:56:02] "GET /recruit.html HTTP/1.1" 200 -
[01/Jul/2026 20:56:02] "GET /account.js HTTP/1.1" 200 -
[01/Jul/2026 20:56:02] "GET /zhaomu.jpg HTTP/1.1" 200 -
[01/Jul/2026 20:56:02] "GET /theme.css HTTP/1.1" 200 -
[01/Jul/2026 20:56:02] "GET /jjc.png HTTP/1.1" 200 -
[01/Jul/2026 20:56:18] "GET /recruit.html HTTP/1.1" 200 -
[01/Jul/2026 20:56:18] "GET /theme.css HTTP/1.1" 200 -
[01/Jul/2026 20:56:18] "GET /zhaomu.jpg HTTP/1.1" 200 -
[01/Jul/2026 20:56:18] "GET /account.js HTTP/1.1" 200 -
[01/Jul/2026 20:56:18] "GET /jjc.png HTTP/1.1" 200 -
[01/Jul/2026 20:56:50] "GET /recruit.html HTTP/1.1" 200 -
[01/Jul/2026 20:56:50] "GET /theme.css HTTP/1.1" 200 -
[01/Jul/2026 20:56:50] "GET /zhaomu.jpg HTTP/1.1" 200 -
[01/Jul/2026 20:56:50] "GET /account.js HTTP/1.1" 200 -
[01/Jul/2026 20:56:50] "GET /jjc.png HTTP/1.1" 200 -
[01/Jul/2026 20:57:11] "GET /recruit.html HTTP/1.1" 200 -
[01/Jul/2026 20:57:11] "GET /theme.css HTTP/1.1" 200 -
[01/Jul/2026 20:57:11] "GET /zhaomu.jpg HTTP/1.1" 200 -
[01/Jul/2026 20:57:11] "GET /account.js HTTP/1.1" 200 -
[01/Jul/2026 20:57:11] "GET /jjc.png HTTP/1.1" 200 -
[01/Jul/2026 20:57:45] "GET /recruit.html HTTP/1.1" 200 -
[01/Jul/2026 20:57:45] "GET /theme.css HTTP/1.1" 200 -
[01/Jul/2026 20:57:45] "GET /zhaomu.jpg HTTP/1.1" 200 -
[01/Jul/2026 20:57:45] "GET /account.js HTTP/1.1" 200 -
[01/Jul/2026 20:57:45] "GET /jjc.png HTTP/1.1" 200 -
[01/Jul/2026 20:58:04] "GET /recruit.html HTTP/1.1" 200 -
[01/Jul/2026 20:58:04] "GET /theme.css HTTP/1.1" 200 -
[01/Jul/2026 20:58:04] "GET /zhaomu.jpg HTTP/1.1" 200 -
[01/Jul/2026 20:58:04] "GET /account.js HTTP/1.1" 200 -
[01/Jul/2026 20:58:04] "GET /jjc.png HTTP/1.1" 200 -
[01/Jul/2026 20:58:20] "GET /recruit.html HTTP/1.1" 200 -
[01/Jul/2026 20:58:20] "GET /theme.css HTTP/1.1" 200 -
[01/Jul/2026 20:58:20] "GET /zhaomu.jpg HTTP/1.1" 200 -
[01/Jul/2026 20:58:20] "GET /account.js HTTP/1.1" 200 -
[01/Jul/2026 20:58:20] "GET /jjc.png HTTP/1.1" 200 -
[01/Jul/2026 20:58:32] "GET /recruit.html HTTP/1.1" 200 -
[01/Jul/2026 20:58:32] "GET /theme.css HTTP/1.1" 200 -
[01/Jul/2026 20:58:32] "GET /zhaomu.jpg HTTP/1.1" 200 -
[01/Jul/2026 20:58:32] "GET /account.js HTTP/1.1" 200 -
[01/Jul/2026 20:58:32] "GET /jjc.png HTTP/1.1" 200 -
[01/Jul/2026 20:59:17] "GET /recruit.html HTTP/1.1" 200 -
[01/Jul/2026 20:59:17] "GET /theme.css HTTP/1.1" 200 -
[01/Jul/2026 20:59:17] "GET /zhaomu.jpg HTTP/1.1" 200 -
[01/Jul/2026 20:59:17] "GET /account.js HTTP/1.1" 200 -
[01/Jul/2026 20:59:17] "GET /jjc.png HTTP/1.1" 200 -
[01/Jul/2026 20:59:52] "GET /recruit.html HTTP/1.1" 200 -
[01/Jul/2026 20:59:52] "GET /theme.css HTTP/1.1" 200 -
[01/Jul/2026 20:59:52] "GET /zhaomu.jpg HTTP/1.1" 200 -
[01/Jul/2026 20:59:52] "GET /account.js HTTP/1.1" 200 -
[01/Jul/2026 20:59:52] "GET /jjc.png HTTP/1.1" 200 -
[01/Jul/2026 21:00:17] "GET /recruit.html HTTP/1.1" 200 -
[01/Jul/2026 21:00:17] "GET /theme.css HTTP/1.1" 200 -
[01/Jul/2026 21:00:17] "GET /zhaomu.jpg HTTP/1.1" 200 -
[01/Jul/2026 21:00:17] "GET /account.js HTTP/1.1" 200 -
[01/Jul/2026 21:00:17] "GET /jjc.png HTTP/1.1" 200 -
[01/Jul/2026 21:00:37] "GET /recruit.html HTTP/1.1" 200 -
[01/Jul/2026 21:00:37] "GET /theme.css HTTP/1.1" 200 -
[01/Jul/2026 21:00:37] "GET /zhaomu.jpg HTTP/1.1" 200 -
[01/Jul/2026 21:00:37] "GET /account.js HTTP/1.1" 200 -
[01/Jul/2026 21:00:37] "GET /jjc.png HTTP/1.1" 200 -
[01/Jul/2026 21:01:18] "GET /recruit.html HTTP/1.1" 200 -
[01/Jul/2026 21:01:19] "GET /theme.css HTTP/1.1" 200 -
[01/Jul/2026 21:01:19] "GET /zhaomu.jpg HTTP/1.1" 200 -
[01/Jul/2026 21:01:19] "GET /account.js HTTP/1.1" 200 -
[01/Jul/2026 21:01:19] "GET /jjc.png HTTP/1.1" 200 -
[01/Jul/2026 21:01:38] "GET /recruit.html HTTP/1.1" 200 -
[01/Jul/2026 21:01:38] "GET /zhaomu.jpg HTTP/1.1" 200 -
[01/Jul/2026 21:01:38] "GET /theme.css HTTP/1.1" 200 -
[01/Jul/2026 21:01:38] "GET /account.js HTTP/1.1" 200 -
[01/Jul/2026 21:01:39] "GET /jjc.png HTTP/1.1" 200 -
[01/Jul/2026 21:02:02] "GET /recruit.html HTTP/1.1" 200 -
[01/Jul/2026 21:02:02] "GET /theme.css HTTP/1.1" 200 -
[01/Jul/2026 21:02:02] "GET /zhaomu.jpg HTTP/1.1" 200 -
[01/Jul/2026 21:02:02] "GET /account.js HTTP/1.1" 200 -
[01/Jul/2026 21:02:03] "GET /jjc.png HTTP/1.1" 200 -
[01/Jul/2026 21:02:26] "GET /recruit.html HTTP/1.1" 200 -
[01/Jul/2026 21:02:26] "GET /theme.css HTTP/1.1" 200 -
[01/Jul/2026 21:02:26] "GET /zhaomu.jpg HTTP/1.1" 200 -
[01/Jul/2026 21:02:26] "GET /account.js HTTP/1.1" 200 -
[01/Jul/2026 21:02:27] "GET /jjc.png HTTP/1.1" 200 -
[01/Jul/2026 21:03:10] "GET /recruit.html HTTP/1.1" 200 -
[01/Jul/2026 21:03:10] "GET /theme.css HTTP/1.1" 200 -
[01/Jul/2026 21:03:10] "GET /account.js HTTP/1.1" 200 -
[01/Jul/2026 21:03:10] "GET /zhaomu.jpg HTTP/1.1" 200 -
[01/Jul/2026 21:03:10] "GET /jjc.png HTTP/1.1" 200 -
[01/Jul/2026 21:03:29] "GET /recruit.html HTTP/1.1" 200 -
[01/Jul/2026 21:03:29] "GET /theme.css HTTP/1.1" 200 -
[01/Jul/2026 21:03:29] "GET /zhaomu.jpg HTTP/1.1" 200 -
[01/Jul/2026 21:03:29] "GET /account.js HTTP/1.1" 200 -
[01/Jul/2026 21:03:29] "GET /jjc.png HTTP/1.1" 200 -
[01/Jul/2026 21:03:49] "GET /recruit.html HTTP/1.1" 200 -
[01/Jul/2026 21:03:49] "GET /theme.css HTTP/1.1" 200 -
[01/Jul/2026 21:03:49] "GET /zhaomu.jpg HTTP/1.1" 200 -
[01/Jul/2026 21:03:49] "GET /account.js HTTP/1.1" 200 -
[01/Jul/2026 21:03:49] "GET /jjc.png HTTP/1.1" 200 -
[01/Jul/2026 21:04:45] "GET /recruit.html HTTP/1.1" 200 -
[01/Jul/2026 21:04:45] "GET /theme.css HTTP/1.1" 200 -
[01/Jul/2026 21:04:45] "GET /zhaomu.jpg HTTP/1.1" 200 -
[01/Jul/2026 21:04:45] "GET /account.js HTTP/1.1" 200 -
[01/Jul/2026 21:04:45] "GET /jjc.png HTTP/1.1" 200 -
[01/Jul/2026 21:04:58] "GET /recruit.html HTTP/1.1" 200 -
[01/Jul/2026 21:04:58] "GET /theme.css HTTP/1.1" 200 -
[01/Jul/2026 21:04:58] "GET /zhaomu.jpg HTTP/1.1" 200 -
[01/Jul/2026 21:04:58] "GET /account.js HTTP/1.1" 200 -
[01/Jul/2026 21:04:58] code 405, message Method Not Allowed
[01/Jul/2026 21:04:58] "POST /kards/recruit_detail HTTP/1.1" 405 -
[01/Jul/2026 21:04:58] code 405, message Method Not Allowed
[01/Jul/2026 21:04:58] "POST /kards/recruit_detail HTTP/1.1" 405 -
[01/Jul/2026 21:04:58] code 405, message Method Not Allowed
[01/Jul/2026 21:04:58] "POST /kards/user_info HTTP/1.1" 405 -
[01/Jul/2026 21:04:59] code 405, message Method Not Allowed
[01/Jul/2026 21:04:59] "POST /kards/recruit_detail HTTP/1.1" 405 -
[01/Jul/2026 21:06:14] "GET /recruit.html HTTP/1.1" 200 -
[01/Jul/2026 21:06:14] "GET /theme.css HTTP/1.1" 200 -
[01/Jul/2026 21:06:14] "GET /zhaomu.jpg HTTP/1.1" 200 -
[01/Jul/2026 21:06:14] "GET /account.js HTTP/1.1" 200 -
[01/Jul/2026 21:06:14] "GET /jjc.png HTTP/1.1" 200 -
[01/Jul/2026 21:07:27] "GET /recruit.html HTTP/1.1" 200 -
[01/Jul/2026 21:07:27] "GET /theme.css HTTP/1.1" 200 -
[01/Jul/2026 21:07:27] "GET /zhaomu.jpg HTTP/1.1" 200 -
[01/Jul/2026 21:07:27] "GET /account.js HTTP/1.1" 200 -
[01/Jul/2026 21:07:27] "GET /jjc.png HTTP/1.1" 200 -
[01/Jul/2026 21:07:35] "GET /recruit.html HTTP/1.1" 200 -
[01/Jul/2026 21:07:35] "GET /theme.css HTTP/1.1" 200 -
[01/Jul/2026 21:07:35] "GET /zhaomu.jpg HTTP/1.1" 200 -
[01/Jul/2026 21:07:35] "GET /account.js HTTP/1.1" 200 -
[01/Jul/2026 21:07:35] "GET /jjc.png HTTP/1.1" 200 -
[01/Jul/2026 21:08:17] "GET /recruit.html HTTP/1.1" 200 -
[01/Jul/2026 21:08:17] "GET /theme.css HTTP/1.1" 200 -
[01/Jul/2026 21:08:17] "GET /zhaomu.jpg HTTP/1.1" 200 -
[01/Jul/2026 21:08:17] "GET /account.js HTTP/1.1" 200 -
[01/Jul/2026 21:08:18] "GET /jjc.png HTTP/1.1" 200 -
[01/Jul/2026 21:08:41] "GET /recruit.html HTTP/1.1" 200 -
[01/Jul/2026 21:08:41] "GET /theme.css HTTP/1.1" 200 -
[01/Jul/2026 21:08:41] "GET /zhaomu.jpg HTTP/1.1" 200 -
[01/Jul/2026 21:08:41] "GET /account.js HTTP/1.1" 200 -
[01/Jul/2026 21:08:41] "GET /jjc.png HTTP/1.1" 200 -
=======
[smtp] ÍñýÍ Ò§§ÕÓ§Û: host=smtp.163.com user=lianzhiweb@163.com
[30/Jun/2026 23:28:23] "GET /account.html HTTP/1.1" 200 -
[30/Jun/2026 23:29:08] "GET /account.html HTTP/1.1" 200 -
[30/Jun/2026 23:29:12] "GET /account.html HTTP/1.1" 200 -
[30/Jun/2026 23:31:14] "GET /account.html HTTP/1.1" 200 -
[01/Jul/2026 00:07:18] "GET /account.html HTTP/1.1" 200 -
>>>>>>> c873114909af4cb15ce4ab1f55b8af12a6df3acf
